
*** Running vivado
    with args -log pong_top.vds -m64 -product Vivado -mode batch -messageDb vivado.pb -notrace -source pong_top.tcl


****** Vivado v2024.1 (64-bit)
  **** SW Build 5076996 on Wed May 22 18:36:09 MDT 2024
  **** IP Build 5075265 on Wed May 22 21:45:21 MDT 2024
  **** SharedData Build 5076995 on Wed May 22 18:29:18 MDT 2024
  **** Start of session at: Wed Dec 11 12:19:46 2024
    ** Copyright 1986-2022 Xilinx, Inc. All Rights Reserved.
    ** Copyright 2022-2024 Advanced Micro Devices, Inc. All Rights Reserved.

source pong_top.tcl -notrace
Command: read_checkpoint -auto_incremental -incremental /home/filip/src/dsd-project-ba5/lab07_pong/vivado_project/vivado_project.srcs/utils_1/imports/synth_1/pong_top.dcp
INFO: [Vivado 12-5825] Read reference checkpoint from /home/filip/src/dsd-project-ba5/lab07_pong/vivado_project/vivado_project.srcs/utils_1/imports/synth_1/pong_top.dcp for incremental synthesis
INFO: [Vivado 12-7989] Please ensure there are no constraint changes
Command: synth_design -top pong_top -part xc7z020clg400-1
Starting synth_design
Attempting to get a license for feature 'Synthesis' and/or device 'xc7z020'
INFO: [Common 17-349] Got license for feature 'Synthesis' and/or device 'xc7z020'
INFO: [Device 21-403] Loading part xc7z020clg400-1
INFO: [Device 21-9227] Part: xc7z020clg400-1 does not have CEAM library.
INFO: [Designutils 20-5440] No compile time benefit to using incremental synthesis; A full resynthesis will be run
INFO: [Designutils 20-4379] Flow is switching to default flow due to incremental criteria not met. If you would like to alter this behaviour and have the flow terminate instead, please set the following parameter config_implementation {autoIncr.Synth.RejectBehavior Terminate}
INFO: [Synth 8-7079] Multithreading enabled for synth_design using a maximum of 4 processes.
INFO: [Synth 8-7078] Launching helper process for spawning children vivado processes
INFO: [Synth 8-7075] Helper process launched with PID 1547
---------------------------------------------------------------------------------
Starting RTL Elaboration : Time (s): cpu = 00:00:03 ; elapsed = 00:00:03 . Memory (MB): peak = 2162.766 ; gain = 412.715 ; free physical = 2817 ; free virtual = 29146
---------------------------------------------------------------------------------
INFO: [Synth 8-638] synthesizing module 'pong_top' [/home/filip/src/dsd-project-ba5/lab07_pong/src/pong_top.vhdl:48]
INFO: [Synth 8-3491] module 'clk_wiz_0' declared at '/home/filip/src/dsd-project-ba5/lab07_pong/vivado_project/vivado_project.runs/synth_1/.Xil/Vivado-1517-thinkpad-e14/realtime/clk_wiz_0_stub.vhdl:6' bound to instance 'i_clk_wiz_0' of component 'clk_wiz_0' [/home/filip/src/dsd-project-ba5/lab07_pong/src/pong_top.vhdl:173]
INFO: [Synth 8-638] synthesizing module 'clk_wiz_0' [/home/filip/src/dsd-project-ba5/lab07_pong/vivado_project/vivado_project.runs/synth_1/.Xil/Vivado-1517-thinkpad-e14/realtime/clk_wiz_0_stub.vhdl:16]
INFO: [Synth 8-3491] module 'blk_mem_gen_0' declared at '/home/filip/src/dsd-project-ba5/lab07_pong/vivado_project/vivado_project.runs/synth_1/.Xil/Vivado-1517-thinkpad-e14/realtime/blk_mem_gen_0_stub.vhdl:6' bound to instance 'i_blk_mem_gen_0' of component 'blk_mem_gen_0' [/home/filip/src/dsd-project-ba5/lab07_pong/src/pong_top.vhdl:181]
INFO: [Synth 8-638] synthesizing module 'blk_mem_gen_0' [/home/filip/src/dsd-project-ba5/lab07_pong/vivado_project/vivado_project.runs/synth_1/.Xil/Vivado-1517-thinkpad-e14/realtime/blk_mem_gen_0_stub.vhdl:21]
INFO: [Synth 8-3491] module 'vga_controller' declared at '/home/filip/src/dsd-project-ba5/lab07_pong/src/vga_controller.vhdl:24' bound to instance 'i_vga_controller' of component 'vga_controller' [/home/filip/src/dsd-project-ba5/lab07_pong/src/pong_top.vhdl:195]
INFO: [Synth 8-638] synthesizing module 'vga_controller' [/home/filip/src/dsd-project-ba5/lab07_pong/src/vga_controller.vhdl:55]
INFO: [Synth 8-256] done synthesizing module 'vga_controller' (0#1) [/home/filip/src/dsd-project-ba5/lab07_pong/src/vga_controller.vhdl:55]
INFO: [Synth 8-3491] module 'pong_fsm' declared at '/home/filip/src/dsd-project-ba5/lab07_pong/src/pong_fsm.vhdl:23' bound to instance 'i_pong_fsm' of component 'pong_fsm' [/home/filip/src/dsd-project-ba5/lab07_pong/src/pong_top.vhdl:217]
INFO: [Synth 8-638] synthesizing module 'pong_fsm' [/home/filip/src/dsd-project-ba5/lab07_pong/src/pong_fsm.vhdl:46]
INFO: [Synth 8-256] done synthesizing module 'pong_fsm' (0#1) [/home/filip/src/dsd-project-ba5/lab07_pong/src/pong_fsm.vhdl:46]
INFO: [Synth 8-256] done synthesizing module 'pong_top' (0#1) [/home/filip/src/dsd-project-ba5/lab07_pong/src/pong_top.vhdl:48]
WARNING: [Synth 8-7129] Port VgaXxDI[11] in module pong_fsm is either unconnected or has no load
WARNING: [Synth 8-7129] Port VgaXxDI[10] in module pong_fsm is either unconnected or has no load
WARNING: [Synth 8-7129] Port VgaXxDI[9] in module pong_fsm is either unconnected or has no load
WARNING: [Synth 8-7129] Port VgaXxDI[8] in module pong_fsm is either unconnected or has no load
WARNING: [Synth 8-7129] Port VgaXxDI[7] in module pong_fsm is either unconnected or has no load
WARNING: [Synth 8-7129] Port VgaXxDI[6] in module pong_fsm is either unconnected or has no load
WARNING: [Synth 8-7129] Port VgaXxDI[5] in module pong_fsm is either unconnected or has no load
WARNING: [Synth 8-7129] Port VgaXxDI[4] in module pong_fsm is either unconnected or has no load
WARNING: [Synth 8-7129] Port VgaXxDI[3] in module pong_fsm is either unconnected or has no load
WARNING: [Synth 8-7129] Port VgaXxDI[2] in module pong_fsm is either unconnected or has no load
WARNING: [Synth 8-7129] Port VgaXxDI[1] in module pong_fsm is either unconnected or has no load
WARNING: [Synth 8-7129] Port VgaXxDI[0] in module pong_fsm is either unconnected or has no load
WARNING: [Synth 8-7129] Port VgaYxDI[11] in module pong_fsm is either unconnected or has no load
WARNING: [Synth 8-7129] Port VgaYxDI[10] in module pong_fsm is either unconnected or has no load
WARNING: [Synth 8-7129] Port VgaYxDI[9] in module pong_fsm is either unconnected or has no load
WARNING: [Synth 8-7129] Port VgaYxDI[8] in module pong_fsm is either unconnected or has no load
WARNING: [Synth 8-7129] Port VgaYxDI[7] in module pong_fsm is either unconnected or has no load
WARNING: [Synth 8-7129] Port VgaYxDI[6] in module pong_fsm is either unconnected or has no load
WARNING: [Synth 8-7129] Port VgaYxDI[5] in module pong_fsm is either unconnected or has no load
WARNING: [Synth 8-7129] Port VgaYxDI[4] in module pong_fsm is either unconnected or has no load
WARNING: [Synth 8-7129] Port VgaYxDI[3] in module pong_fsm is either unconnected or has no load
WARNING: [Synth 8-7129] Port VgaYxDI[2] in module pong_fsm is either unconnected or has no load
WARNING: [Synth 8-7129] Port VgaYxDI[1] in module pong_fsm is either unconnected or has no load
WARNING: [Synth 8-7129] Port VgaYxDI[0] in module pong_fsm is either unconnected or has no load
---------------------------------------------------------------------------------
Finished RTL Elaboration : Time (s): cpu = 00:00:04 ; elapsed = 00:00:04 . Memory (MB): peak = 2253.734 ; gain = 503.684 ; free physical = 2714 ; free virtual = 29046
---------------------------------------------------------------------------------
---------------------------------------------------------------------------------
Start Handling Custom Attributes
---------------------------------------------------------------------------------
---------------------------------------------------------------------------------
Finished Handling Custom Attributes : Time (s): cpu = 00:00:04 ; elapsed = 00:00:04 . Memory (MB): peak = 2268.578 ; gain = 518.527 ; free physical = 2702 ; free virtual = 29035
---------------------------------------------------------------------------------
---------------------------------------------------------------------------------
Finished RTL Optimization Phase 1 : Time (s): cpu = 00:00:04 ; elapsed = 00:00:04 . Memory (MB): peak = 2268.578 ; gain = 518.527 ; free physical = 2702 ; free virtual = 29035
---------------------------------------------------------------------------------
Netlist sorting complete. Time (s): cpu = 00:00:00.01 ; elapsed = 00:00:00.01 . Memory (MB): peak = 2268.578 ; gain = 0.000 ; free physical = 2702 ; free virtual = 29035
INFO: [Project 1-570] Preparing netlist for logic optimization

Processing XDC Constraints
Initializing timing engine
Parsing XDC File [/home/filip/src/dsd-project-ba5/lab07_pong/vivado_project/vivado_project.gen/sources_1/ip/clk_wiz_0/clk_wiz_0/clk_wiz_0_in_context.xdc] for cell 'i_clk_wiz_0'
Finished Parsing XDC File [/home/filip/src/dsd-project-ba5/lab07_pong/vivado_project/vivado_project.gen/sources_1/ip/clk_wiz_0/clk_wiz_0/clk_wiz_0_in_context.xdc] for cell 'i_clk_wiz_0'
Parsing XDC File [/home/filip/src/dsd-project-ba5/lab07_pong/vivado_project/vivado_project.gen/sources_1/ip/blk_mem_gen_0/blk_mem_gen_0/blk_mem_gen_0_in_context.xdc] for cell 'i_blk_mem_gen_0'
Finished Parsing XDC File [/home/filip/src/dsd-project-ba5/lab07_pong/vivado_project/vivado_project.gen/sources_1/ip/blk_mem_gen_0/blk_mem_gen_0/blk_mem_gen_0_in_context.xdc] for cell 'i_blk_mem_gen_0'
Parsing XDC File [/home/filip/src/dsd-project-ba5/lab07_pong/constr/PYNQ-Z2_v1.0.xdc]
Finished Parsing XDC File [/home/filip/src/dsd-project-ba5/lab07_pong/constr/PYNQ-Z2_v1.0.xdc]
INFO: [Project 1-236] Implementation specific constraints were found while reading constraint file [/home/filip/src/dsd-project-ba5/lab07_pong/constr/PYNQ-Z2_v1.0.xdc]. These constraints will be ignored for synthesis but will be used in implementation. Impacted constraints are listed in the file [.Xil/pong_top_propImpl.xdc].
Resolution: To avoid this warning, move constraints listed in [.Xil/pong_top_propImpl.xdc] to another XDC file and exclude this new file from synthesis with the used_in_synthesis property (File Properties dialog in GUI) and re-run elaboration/synthesis.
Completed Processing XDC Constraints

Netlist sorting complete. Time (s): cpu = 00:00:00 ; elapsed = 00:00:00 . Memory (MB): peak = 2420.328 ; gain = 0.000 ; free physical = 2592 ; free virtual = 28941
INFO: [Project 1-111] Unisim Transformation Summary:
No Unisim elements were transformed.

Constraint Validation Runtime : Time (s): cpu = 00:00:00 ; elapsed = 00:00:00 . Memory (MB): peak = 2420.328 ; gain = 0.000 ; free physical = 2592 ; free virtual = 28941
WARNING: [Timing 38-316] Clock period '20.000' specified during out-of-context synthesis of instance 'i_blk_mem_gen_0' at clock pin 'clka' is different from the actual clock period '13.333', this can lead to different synthesis results.
INFO: [Designutils 20-5440] No compile time benefit to using incremental synthesis; A full resynthesis will be run
INFO: [Designutils 20-4379] Flow is switching to default flow due to incremental criteria not met. If you would like to alter this behaviour and have the flow terminate instead, please set the following parameter config_implementation {autoIncr.Synth.RejectBehavior Terminate}
---------------------------------------------------------------------------------
Finished Constraint Validation : Time (s): cpu = 00:00:08 ; elapsed = 00:00:08 . Memory (MB): peak = 2420.328 ; gain = 670.277 ; free physical = 2586 ; free virtual = 28941
---------------------------------------------------------------------------------
---------------------------------------------------------------------------------
Start Loading Part and Timing Information
---------------------------------------------------------------------------------
Loading part: xc7z020clg400-1
---------------------------------------------------------------------------------
Finished Loading Part and Timing Information : Time (s): cpu = 00:00:08 ; elapsed = 00:00:08 . Memory (MB): peak = 2428.332 ; gain = 678.281 ; free physical = 2586 ; free virtual = 28941
---------------------------------------------------------------------------------
---------------------------------------------------------------------------------
Start Applying 'set_property' XDC Constraints
---------------------------------------------------------------------------------
Applied set_property IO_BUFFER_TYPE = NONE for CLK125xCI. (constraint file  /home/filip/src/dsd-project-ba5/lab07_pong/vivado_project/vivado_project.gen/sources_1/ip/clk_wiz_0/clk_wiz_0/clk_wiz_0_in_context.xdc, line 3).
Applied set_property CLOCK_BUFFER_TYPE = NONE for CLK125xCI. (constraint file  /home/filip/src/dsd-project-ba5/lab07_pong/vivado_project/vivado_project.gen/sources_1/ip/clk_wiz_0/clk_wiz_0/clk_wiz_0_in_context.xdc, line 4).
Applied set_property KEEP_HIERARCHY = SOFT for i_clk_wiz_0. (constraint file  auto generated constraint).
Applied set_property KEEP_HIERARCHY = SOFT for i_blk_mem_gen_0. (constraint file  auto generated constraint).
---------------------------------------------------------------------------------
Finished applying 'set_property' XDC Constraints : Time (s): cpu = 00:00:08 ; elapsed = 00:00:08 . Memory (MB): peak = 2428.332 ; gain = 678.281 ; free physical = 2586 ; free virtual = 28941
---------------------------------------------------------------------------------
INFO: [Synth 8-802] inferred FSM for state register 'HStatexDP_reg' in module 'vga_controller'
INFO: [Synth 8-802] inferred FSM for state register 'VStatexDP_reg' in module 'vga_controller'
---------------------------------------------------------------------------------------------------
                   State |                     New Encoding |                Previous Encoding 
---------------------------------------------------------------------------------------------------
                   pulse |                               00 |                               11
               backporch |                               01 |                               00
                 display |                               10 |                               01
              frontporch |                               11 |                               10
---------------------------------------------------------------------------------------------------
INFO: [Synth 8-3354] encoded FSM with state register 'HStatexDP_reg' using encoding 'sequential' in module 'vga_controller'
---------------------------------------------------------------------------------------------------
                   State |                     New Encoding |                Previous Encoding 
---------------------------------------------------------------------------------------------------
                   pulse |                               01 |                               11
               backporch |                               00 |                               00
                 display |                               11 |                               01
              frontporch |                               10 |                               10
---------------------------------------------------------------------------------------------------
INFO: [Synth 8-3354] encoded FSM with state register 'VStatexDP_reg' using encoding 'sequential' in module 'vga_controller'
---------------------------------------------------------------------------------
Finished RTL Optimization Phase 2 : Time (s): cpu = 00:00:08 ; elapsed = 00:00:09 . Memory (MB): peak = 2428.332 ; gain = 678.281 ; free physical = 2586 ; free virtual = 28941
---------------------------------------------------------------------------------
---------------------------------------------------------------------------------
Start RTL Component Statistics 
---------------------------------------------------------------------------------
Detailed RTL Component Info : 
+---Adders : 
	   2 Input   12 Bit       Adders := 12    
	   3 Input   12 Bit       Adders := 2     
+---Registers : 
	               12 Bit    Registers := 5     
	                1 Bit    Registers := 2     
+---Muxes : 
	   2 Input   12 Bit        Muxes := 14    
	   4 Input   12 Bit        Muxes := 2     
	   2 Input    4 Bit        Muxes := 9     
	   4 Input    2 Bit        Muxes := 2     
	   2 Input    2 Bit        Muxes := 2     
	   2 Input    1 Bit        Muxes := 9     
	   4 Input    1 Bit        Muxes := 3     
---------------------------------------------------------------------------------
Finished RTL Component Statistics 
---------------------------------------------------------------------------------
---------------------------------------------------------------------------------
Start Part Resource Summary
---------------------------------------------------------------------------------
Part Resources:
DSPs: 220 (col length:60)
BRAMs: 280 (col length: RAMB18 60 RAMB36 30)
---------------------------------------------------------------------------------
Finished Part Resource Summary
---------------------------------------------------------------------------------
---------------------------------------------------------------------------------
Start Cross Boundary and Area Optimization
---------------------------------------------------------------------------------
WARNING: [Synth 8-7080] Parallel synthesis criteria is not met
DSP Report: Generating DSP RedxS3, operation Mode is: A*B.
DSP Report: operator RedxS3 is absorbed into DSP RedxS3.
DSP Report: Generating DSP RedxS2, operation Mode is: PCIN+A*B.
DSP Report: operator RedxS2 is absorbed into DSP RedxS2.
DSP Report: operator RedxS3 is absorbed into DSP RedxS2.
WARNING: [Synth 8-7129] Port VgaXxDI[11] in module pong_fsm is either unconnected or has no load
WARNING: [Synth 8-7129] Port VgaXxDI[10] in module pong_fsm is either unconnected or has no load
WARNING: [Synth 8-7129] Port VgaXxDI[9] in module pong_fsm is either unconnected or has no load
WARNING: [Synth 8-7129] Port VgaXxDI[8] in module pong_fsm is either unconnected or has no load
WARNING: [Synth 8-7129] Port VgaXxDI[7] in module pong_fsm is either unconnected or has no load
WARNING: [Synth 8-7129] Port VgaXxDI[6] in module pong_fsm is either unconnected or has no load
WARNING: [Synth 8-7129] Port VgaXxDI[5] in module pong_fsm is either unconnected or has no load
WARNING: [Synth 8-7129] Port VgaXxDI[4] in module pong_fsm is either unconnected or has no load
WARNING: [Synth 8-7129] Port VgaXxDI[3] in module pong_fsm is either unconnected or has no load
WARNING: [Synth 8-7129] Port VgaXxDI[2] in module pong_fsm is either unconnected or has no load
WARNING: [Synth 8-7129] Port VgaXxDI[1] in module pong_fsm is either unconnected or has no load
WARNING: [Synth 8-7129] Port VgaXxDI[0] in module pong_fsm is either unconnected or has no load
WARNING: [Synth 8-7129] Port VgaYxDI[11] in module pong_fsm is either unconnected or has no load
WARNING: [Synth 8-7129] Port VgaYxDI[10] in module pong_fsm is either unconnected or has no load
WARNING: [Synth 8-7129] Port VgaYxDI[9] in module pong_fsm is either unconnected or has no load
WARNING: [Synth 8-7129] Port VgaYxDI[8] in module pong_fsm is either unconnected or has no load
WARNING: [Synth 8-7129] Port VgaYxDI[7] in module pong_fsm is either unconnected or has no load
WARNING: [Synth 8-7129] Port VgaYxDI[6] in module pong_fsm is either unconnected or has no load
WARNING: [Synth 8-7129] Port VgaYxDI[5] in module pong_fsm is either unconnected or has no load
WARNING: [Synth 8-7129] Port VgaYxDI[4] in module pong_fsm is either unconnected or has no load
WARNING: [Synth 8-7129] Port VgaYxDI[3] in module pong_fsm is either unconnected or has no load
WARNING: [Synth 8-7129] Port VgaYxDI[2] in module pong_fsm is either unconnected or has no load
WARNING: [Synth 8-7129] Port VgaYxDI[1] in module pong_fsm is either unconnected or has no load
WARNING: [Synth 8-7129] Port VgaYxDI[0] in module pong_fsm is either unconnected or has no load
---------------------------------------------------------------------------------
Finished Cross Boundary and Area Optimization : Time (s): cpu = 00:00:10 ; elapsed = 00:00:11 . Memory (MB): peak = 2428.332 ; gain = 678.281 ; free physical = 2580 ; free virtual = 28941
---------------------------------------------------------------------------------
 Sort Area is  RedxS3_0 : 0 0 : 1052 2175 : Used 1 time 0
 Sort Area is  RedxS3_0 : 0 1 : 1123 2175 : Used 1 time 0
---------------------------------------------------------------------------------
Start ROM, RAM, DSP, Shift Register and Retiming Reporting
---------------------------------------------------------------------------------

DSP: Preliminary Mapping Report (see note below. The ' indicates corresponding REG is set)
+------------+-------------+--------+--------+--------+--------+--------+------+------+------+------+-------+------+------+
|Module Name | DSP Mapping | A Size | B Size | C Size | D Size | P Size | AREG | BREG | CREG | DREG | ADREG | MREG | PREG | 
+------------+-------------+--------+--------+--------+--------+--------+------+------+------+------+-------+------+------+
|pong_top    | A*B         | 12     | 12     | -      | -      | 24     | 0    | 0    | -    | -    | -     | 0    | 0    | 
|pong_top    | PCIN+A*B    | 12     | 12     | -      | -      | 24     | 0    | 0    | -    | -    | -     | 0    | 0    | 
+------------+-------------+--------+--------+--------+--------+--------+------+------+------+------+-------+------+------+

Note: The table above is a preliminary report that shows the DSPs inferred at the current stage of the synthesis flow. Some DSP may be reimplemented as non DSP primitives later in the synthesis flow. Multiple instantiated DSPs are reported only once.
---------------------------------------------------------------------------------
Finished ROM, RAM, DSP, Shift Register and Retiming Reporting
---------------------------------------------------------------------------------
---------------------------------------------------------------------------------
Start Applying XDC Timing Constraints
---------------------------------------------------------------------------------
---------------------------------------------------------------------------------
Finished Applying XDC Timing Constraints : Time (s): cpu = 00:00:15 ; elapsed = 00:00:15 . Memory (MB): peak = 2428.332 ; gain = 678.281 ; free physical = 2566 ; free virtual = 28935
---------------------------------------------------------------------------------
---------------------------------------------------------------------------------
Start Timing Optimization
---------------------------------------------------------------------------------
---------------------------------------------------------------------------------
Finished Timing Optimization : Time (s): cpu = 00:00:16 ; elapsed = 00:00:16 . Memory (MB): peak = 2428.332 ; gain = 678.281 ; free physical = 2566 ; free virtual = 28935
---------------------------------------------------------------------------------
---------------------------------------------------------------------------------
Start Technology Mapping
---------------------------------------------------------------------------------
---------------------------------------------------------------------------------
Finished Technology Mapping : Time (s): cpu = 00:00:16 ; elapsed = 00:00:16 . Memory (MB): peak = 2428.332 ; gain = 678.281 ; free physical = 2566 ; free virtual = 28935
---------------------------------------------------------------------------------
---------------------------------------------------------------------------------
Start IO Insertion
---------------------------------------------------------------------------------
---------------------------------------------------------------------------------
Start Flattening Before IO Insertion
---------------------------------------------------------------------------------
---------------------------------------------------------------------------------
Finished Flattening Before IO Insertion
---------------------------------------------------------------------------------
---------------------------------------------------------------------------------
Start Final Netlist Cleanup
---------------------------------------------------------------------------------
---------------------------------------------------------------------------------
Finished Final Netlist Cleanup
---------------------------------------------------------------------------------
---------------------------------------------------------------------------------
Finished IO Insertion : Time (s): cpu = 00:00:19 ; elapsed = 00:00:19 . Memory (MB): peak = 2428.332 ; gain = 678.281 ; free physical = 2564 ; free virtual = 28934
---------------------------------------------------------------------------------
---------------------------------------------------------------------------------
Start Renaming Generated Instances
---------------------------------------------------------------------------------
---------------------------------------------------------------------------------
Finished Renaming Generated Instances : Time (s): cpu = 00:00:19 ; elapsed = 00:00:19 . Memory (MB): peak = 2428.332 ; gain = 678.281 ; free physical = 2564 ; free virtual = 28934
---------------------------------------------------------------------------------
---------------------------------------------------------------------------------
Start Rebuilding User Hierarchy
---------------------------------------------------------------------------------
---------------------------------------------------------------------------------
Finished Rebuilding User Hierarchy : Time (s): cpu = 00:00:19 ; elapsed = 00:00:19 . Memory (MB): peak = 2428.332 ; gain = 678.281 ; free physical = 2564 ; free virtual = 28934
---------------------------------------------------------------------------------
---------------------------------------------------------------------------------
Start Renaming Generated Ports
---------------------------------------------------------------------------------
---------------------------------------------------------------------------------
Finished Renaming Generated Ports : Time (s): cpu = 00:00:19 ; elapsed = 00:00:19 . Memory (MB): peak = 2428.332 ; gain = 678.281 ; free physical = 2564 ; free virtual = 28934
---------------------------------------------------------------------------------
---------------------------------------------------------------------------------
Start Handling Custom Attributes
---------------------------------------------------------------------------------
---------------------------------------------------------------------------------
Finished Handling Custom Attributes : Time (s): cpu = 00:00:19 ; elapsed = 00:00:19 . Memory (MB): peak = 2428.332 ; gain = 678.281 ; free physical = 2564 ; free virtual = 28934
---------------------------------------------------------------------------------
---------------------------------------------------------------------------------
Start Renaming Generated Nets
---------------------------------------------------------------------------------
---------------------------------------------------------------------------------
Finished Renaming Generated Nets : Time (s): cpu = 00:00:19 ; elapsed = 00:00:19 . Memory (MB): peak = 2428.332 ; gain = 678.281 ; free physical = 2564 ; free virtual = 28934
---------------------------------------------------------------------------------
---------------------------------------------------------------------------------
Start Writing Synthesis Report
---------------------------------------------------------------------------------

DSP Final Report (the ' indicates corresponding REG is set)
+------------+-------------+--------+--------+--------+--------+--------+------+------+------+------+-------+------+------+
|Module Name | DSP Mapping | A Size | B Size | C Size | D Size | P Size | AREG | BREG | CREG | DREG | ADREG | MREG | PREG | 
+------------+-------------+--------+--------+--------+--------+--------+------+------+------+------+-------+------+------+
|pong_top    | A*B         | 30     | 18     | -      | -      | 24     | 0    | 0    | -    | -    | -     | 0    | 0    | 
|pong_top    | PCIN+A*B    | 30     | 18     | -      | -      | 24     | 0    | 0    | -    | -    | -     | 0    | 0    | 
+------------+-------------+--------+--------+--------+--------+--------+------+------+------+------+-------+------+------+


Report BlackBoxes: 
+------+--------------+----------+
|      |BlackBox name |Instances |
+------+--------------+----------+
|1     |clk_wiz_0     |         1|
|2     |blk_mem_gen_0 |         1|
+------+--------------+----------+

Report Cell Usage: 
+------+-------------------+------+
|      |Cell               |Count |
+------+-------------------+------+
|1     |blk_mem_gen_0_bbox |     1|
|2     |clk_wiz_0_bbox     |     1|
|3     |CARRY4             |    56|
|4     |DSP48E1            |     2|
|5     |LUT1               |    46|
|6     |LUT2               |    58|
|7     |LUT3               |    56|
|8     |LUT4               |    68|
|9     |LUT5               |    50|
|10    |LUT6               |   106|
|11    |FDCE               |    53|
|12    |FDPE               |     7|
|13    |IBUF               |     3|
|14    |OBUF               |    14|
+------+-------------------+------+
---------------------------------------------------------------------------------
Finished Writing Synthesis Report : Time (s): cpu = 00:00:19 ; elapsed = 00:00:19 . Memory (MB): peak = 2428.332 ; gain = 678.281 ; free physical = 2564 ; free virtual = 28934
---------------------------------------------------------------------------------
Synthesis finished with 0 errors, 0 critical warnings and 25 warnings.
Synthesis Optimization Runtime : Time (s): cpu = 00:00:18 ; elapsed = 00:00:18 . Memory (MB): peak = 2428.332 ; gain = 526.531 ; free physical = 2564 ; free virtual = 28934
Synthesis Optimization Complete : Time (s): cpu = 00:00:19 ; elapsed = 00:00:19 . Memory (MB): peak = 2428.340 ; gain = 678.281 ; free physical = 2564 ; free virtual = 28934
INFO: [Project 1-571] Translating synthesized netlist
Netlist sorting complete. Time (s): cpu = 00:00:00.01 ; elapsed = 00:00:00 . Memory (MB): peak = 2428.340 ; gain = 0.000 ; free physical = 2561 ; free virtual = 28933
INFO: [Netlist 29-17] Analyzing 58 Unisim elements for replacement
INFO: [Netlist 29-28] Unisim Transformation completed in 0 CPU seconds
INFO: [Project 1-570] Preparing netlist for logic optimization
INFO: [Opt 31-138] Pushed 0 inverter(s) to 0 load pin(s).
Netlist sorting complete. Time (s): cpu = 00:00:00 ; elapsed = 00:00:00 . Memory (MB): peak = 2484.359 ; gain = 0.000 ; free physical = 2906 ; free virtual = 29278
INFO: [Project 1-111] Unisim Transformation Summary:
No Unisim elements were transformed.

Synth Design complete | Checksum: 8459c336
INFO: [Common 17-83] Releasing license: Synthesis
38 Infos, 50 Warnings, 0 Critical Warnings and 0 Errors encountered.
synth_design completed successfully
synth_design: Time (s): cpu = 00:00:25 ; elapsed = 00:00:23 . Memory (MB): peak = 2484.359 ; gain = 1065.840 ; free physical = 2906 ; free virtual = 29278
INFO: [Common 17-2834] synth_design peak Physical Memory [PSS] (MB): overall = 2068.112; main = 1675.055; forked = 447.432
INFO: [Common 17-2834] synth_design peak Virtual Memory [VSS] (MB): overall = 3518.750; main = 2484.363; forked = 1090.414
Write ShapeDB Complete: Time (s): cpu = 00:00:00 ; elapsed = 00:00:00 . Memory (MB): peak = 2508.371 ; gain = 0.000 ; free physical = 2906 ; free virtual = 29278
INFO: [Common 17-1381] The checkpoint '/home/filip/src/dsd-project-ba5/lab07_pong/vivado_project/vivado_project.runs/synth_1/pong_top.dcp' has been generated.
INFO: [Vivado 12-24828] Executing command : report_utilization -file pong_top_utilization_synth.rpt -pb pong_top_utilization_synth.pb
INFO: [Common 17-206] Exiting Vivado at Wed Dec 11 12:20:16 2024...
