
*** Running vivado
    with args -log vga_controller_top.vds -m64 -product Vivado -mode batch -messageDb vivado.pb -notrace -source vga_controller_top.tcl


****** Vivado v2024.1 (64-bit)
  **** SW Build 5076996 on Wed May 22 18:36:09 MDT 2024
  **** IP Build 5075265 on Wed May 22 21:45:21 MDT 2024
  **** SharedData Build 5076995 on Wed May 22 18:29:18 MDT 2024
  **** Start of session at: Wed Dec  4 11:26:44 2024
    ** Copyright 1986-2022 Xilinx, Inc. All Rights Reserved.
    ** Copyright 2022-2024 Advanced Micro Devices, Inc. All Rights Reserved.

source vga_controller_top.tcl -notrace
Command: read_checkpoint -auto_incremental -incremental /home/filip/src/dsd-project-ba5/lab06_memory/vivado_project/vivado_project.srcs/utils_1/imports/synth_1/vga_controller_top.dcp
INFO: [Vivado 12-5825] Read reference checkpoint from /home/filip/src/dsd-project-ba5/lab06_memory/vivado_project/vivado_project.srcs/utils_1/imports/synth_1/vga_controller_top.dcp for incremental synthesis
INFO: [Vivado 12-7989] Please ensure there are no constraint changes
Command: synth_design -top vga_controller_top -part xc7z020clg400-1
Starting synth_design
Attempting to get a license for feature 'Synthesis' and/or device 'xc7z020'
INFO: [Common 17-349] Got license for feature 'Synthesis' and/or device 'xc7z020'
INFO: [Device 21-403] Loading part xc7z020clg400-1
INFO: [Device 21-9227] Part: xc7z020clg400-1 does not have CEAM library.
INFO: [Designutils 20-5440] No compile time benefit to using incremental synthesis; A full resynthesis will be run
INFO: [Designutils 20-4379] Flow is switching to default flow due to incremental criteria not met. If you would like to alter this behaviour and have the flow terminate instead, please set the following parameter config_implementation {autoIncr.Synth.RejectBehavior Terminate}
INFO: [Synth 8-7079] Multithreading enabled for synth_design using a maximum of 4 processes.
INFO: [Synth 8-7078] Launching helper process for spawning children vivado processes
INFO: [Synth 8-7075] Helper process launched with PID 30670
---------------------------------------------------------------------------------
Starting RTL Elaboration : Time (s): cpu = 00:00:03 ; elapsed = 00:00:03 . Memory (MB): peak = 2162.746 ; gain = 413.715 ; free physical = 2168 ; free virtual = 28322
---------------------------------------------------------------------------------
INFO: [Synth 8-638] synthesizing module 'vga_controller_top' [/home/filip/src/dsd-project-ba5/lab06_memory/src/vga_controller_top.vhdl:43]
INFO: [Synth 8-3491] module 'clk_wiz_0' declared at '/home/filip/src/dsd-project-ba5/lab06_memory/vivado_project/vivado_project.runs/synth_1/.Xil/Vivado-30629-thinkpad-e14/realtime/clk_wiz_0_stub.vhdl:6' bound to instance 'i_clk_wiz_0' of component 'clk_wiz_0' [/home/filip/src/dsd-project-ba5/lab06_memory/src/vga_controller_top.vhdl:129]
INFO: [Synth 8-638] synthesizing module 'clk_wiz_0' [/home/filip/src/dsd-project-ba5/lab06_memory/vivado_project/vivado_project.runs/synth_1/.Xil/Vivado-30629-thinkpad-e14/realtime/clk_wiz_0_stub.vhdl:16]
INFO: [Synth 8-3491] module 'blk_mem_gen_0' declared at '/home/filip/src/dsd-project-ba5/lab06_memory/vivado_project/vivado_project.runs/synth_1/.Xil/Vivado-30629-thinkpad-e14/realtime/blk_mem_gen_0_stub.vhdl:6' bound to instance 'i_blk_mem_gen_0' of component 'blk_mem_gen_0' [/home/filip/src/dsd-project-ba5/lab06_memory/src/vga_controller_top.vhdl:137]
INFO: [Synth 8-638] synthesizing module 'blk_mem_gen_0' [/home/filip/src/dsd-project-ba5/lab06_memory/vivado_project/vivado_project.runs/synth_1/.Xil/Vivado-30629-thinkpad-e14/realtime/blk_mem_gen_0_stub.vhdl:21]
INFO: [Synth 8-3491] module 'vga_controller' declared at '/home/filip/src/dsd-project-ba5/lab06_memory/src/vga_controller.vhdl:24' bound to instance 'i_vga_controller' of component 'vga_controller' [/home/filip/src/dsd-project-ba5/lab06_memory/src/vga_controller_top.vhdl:151]
INFO: [Synth 8-638] synthesizing module 'vga_controller' [/home/filip/src/dsd-project-ba5/lab06_memory/src/vga_controller.vhdl:52]
INFO: [Synth 8-256] done synthesizing module 'vga_controller' (0#1) [/home/filip/src/dsd-project-ba5/lab06_memory/src/vga_controller.vhdl:52]
INFO: [Synth 8-256] done synthesizing module 'vga_controller_top' (0#1) [/home/filip/src/dsd-project-ba5/lab06_memory/src/vga_controller_top.vhdl:43]
---------------------------------------------------------------------------------
Finished RTL Elaboration : Time (s): cpu = 00:00:04 ; elapsed = 00:00:04 . Memory (MB): peak = 2252.715 ; gain = 503.684 ; free physical = 2081 ; free virtual = 28236
---------------------------------------------------------------------------------
---------------------------------------------------------------------------------
Start Handling Custom Attributes
---------------------------------------------------------------------------------
---------------------------------------------------------------------------------
Finished Handling Custom Attributes : Time (s): cpu = 00:00:04 ; elapsed = 00:00:04 . Memory (MB): peak = 2270.527 ; gain = 521.496 ; free physical = 2069 ; free virtual = 28223
---------------------------------------------------------------------------------
---------------------------------------------------------------------------------
Finished RTL Optimization Phase 1 : Time (s): cpu = 00:00:04 ; elapsed = 00:00:04 . Memory (MB): peak = 2270.527 ; gain = 521.496 ; free physical = 2069 ; free virtual = 28223
---------------------------------------------------------------------------------
Netlist sorting complete. Time (s): cpu = 00:00:00 ; elapsed = 00:00:00 . Memory (MB): peak = 2270.527 ; gain = 0.000 ; free physical = 2069 ; free virtual = 28223
INFO: [Project 1-570] Preparing netlist for logic optimization

Processing XDC Constraints
Initializing timing engine
Parsing XDC File [/home/filip/src/dsd-project-ba5/lab06_memory/vivado_project/vivado_project.gen/sources_1/ip/clk_wiz_0/clk_wiz_0/clk_wiz_0_in_context.xdc] for cell 'i_clk_wiz_0'
Finished Parsing XDC File [/home/filip/src/dsd-project-ba5/lab06_memory/vivado_project/vivado_project.gen/sources_1/ip/clk_wiz_0/clk_wiz_0/clk_wiz_0_in_context.xdc] for cell 'i_clk_wiz_0'
Parsing XDC File [/home/filip/src/dsd-project-ba5/lab06_memory/vivado_project/vivado_project.gen/sources_1/ip/blk_mem_gen_0/blk_mem_gen_0/blk_mem_gen_0_in_context.xdc] for cell 'i_blk_mem_gen_0'
Finished Parsing XDC File [/home/filip/src/dsd-project-ba5/lab06_memory/vivado_project/vivado_project.gen/sources_1/ip/blk_mem_gen_0/blk_mem_gen_0/blk_mem_gen_0_in_context.xdc] for cell 'i_blk_mem_gen_0'
Parsing XDC File [/home/filip/src/dsd-project-ba5/lab06_memory/constr/PYNQ-Z2_v1.0.xdc]
Finished Parsing XDC File [/home/filip/src/dsd-project-ba5/lab06_memory/constr/PYNQ-Z2_v1.0.xdc]
INFO: [Project 1-236] Implementation specific constraints were found while reading constraint file [/home/filip/src/dsd-project-ba5/lab06_memory/constr/PYNQ-Z2_v1.0.xdc]. These constraints will be ignored for synthesis but will be used in implementation. Impacted constraints are listed in the file [.Xil/vga_controller_top_propImpl.xdc].
Resolution: To avoid this warning, move constraints listed in [.Xil/vga_controller_top_propImpl.xdc] to another XDC file and exclude this new file from synthesis with the used_in_synthesis property (File Properties dialog in GUI) and re-run elaboration/synthesis.
Completed Processing XDC Constraints

Netlist sorting complete. Time (s): cpu = 00:00:00 ; elapsed = 00:00:00 . Memory (MB): peak = 2406.277 ; gain = 0.000 ; free physical = 2005 ; free virtual = 28139
INFO: [Project 1-111] Unisim Transformation Summary:
No Unisim elements were transformed.

Constraint Validation Runtime : Time (s): cpu = 00:00:00 ; elapsed = 00:00:00.01 . Memory (MB): peak = 2406.277 ; gain = 0.000 ; free physical = 2005 ; free virtual = 28139
WARNING: [Timing 38-316] Clock period '20.000' specified during out-of-context synthesis of instance 'i_blk_mem_gen_0' at clock pin 'clka' is different from the actual clock period '13.333', this can lead to different synthesis results.
INFO: [Designutils 20-5440] No compile time benefit to using incremental synthesis; A full resynthesis will be run
INFO: [Designutils 20-4379] Flow is switching to default flow due to incremental criteria not met. If you would like to alter this behaviour and have the flow terminate instead, please set the following parameter config_implementation {autoIncr.Synth.RejectBehavior Terminate}
---------------------------------------------------------------------------------
Finished Constraint Validation : Time (s): cpu = 00:00:08 ; elapsed = 00:00:08 . Memory (MB): peak = 2406.277 ; gain = 657.246 ; free physical = 1995 ; free virtual = 28130
---------------------------------------------------------------------------------
---------------------------------------------------------------------------------
Start Loading Part and Timing Information
---------------------------------------------------------------------------------
Loading part: xc7z020clg400-1
---------------------------------------------------------------------------------
Finished Loading Part and Timing Information : Time (s): cpu = 00:00:08 ; elapsed = 00:00:08 . Memory (MB): peak = 2414.281 ; gain = 665.250 ; free physical = 1995 ; free virtual = 28130
---------------------------------------------------------------------------------
---------------------------------------------------------------------------------
Start Applying 'set_property' XDC Constraints
---------------------------------------------------------------------------------
Applied set_property IO_BUFFER_TYPE = NONE for CLK125xCI. (constraint file  /home/filip/src/dsd-project-ba5/lab06_memory/vivado_project/vivado_project.gen/sources_1/ip/clk_wiz_0/clk_wiz_0/clk_wiz_0_in_context.xdc, line 3).
Applied set_property CLOCK_BUFFER_TYPE = NONE for CLK125xCI. (constraint file  /home/filip/src/dsd-project-ba5/lab06_memory/vivado_project/vivado_project.gen/sources_1/ip/clk_wiz_0/clk_wiz_0/clk_wiz_0_in_context.xdc, line 4).
Applied set_property KEEP_HIERARCHY = SOFT for i_clk_wiz_0. (constraint file  auto generated constraint).
Applied set_property KEEP_HIERARCHY = SOFT for i_blk_mem_gen_0. (constraint file  auto generated constraint).
---------------------------------------------------------------------------------
Finished applying 'set_property' XDC Constraints : Time (s): cpu = 00:00:08 ; elapsed = 00:00:08 . Memory (MB): peak = 2414.281 ; gain = 665.250 ; free physical = 1995 ; free virtual = 28130
---------------------------------------------------------------------------------
INFO: [Synth 8-802] inferred FSM for state register 'HStatexDP_reg' in module 'vga_controller'
INFO: [Synth 8-802] inferred FSM for state register 'VStatexDP_reg' in module 'vga_controller'
---------------------------------------------------------------------------------------------------
                   State |                     New Encoding |                Previous Encoding 
---------------------------------------------------------------------------------------------------
                   pulse |                               00 |                               11
               backporch |                               01 |                               00
                 display |                               10 |                               01
              frontporch |                               11 |                               10
---------------------------------------------------------------------------------------------------
INFO: [Synth 8-3354] encoded FSM with state register 'HStatexDP_reg' using encoding 'sequential' in module 'vga_controller'
---------------------------------------------------------------------------------------------------
                   State |                     New Encoding |                Previous Encoding 
---------------------------------------------------------------------------------------------------
                   pulse |                               00 |                               11
               backporch |                               01 |                               00
                 display |                               10 |                               01
              frontporch |                               11 |                               10
---------------------------------------------------------------------------------------------------
INFO: [Synth 8-3354] encoded FSM with state register 'VStatexDP_reg' using encoding 'sequential' in module 'vga_controller'
---------------------------------------------------------------------------------
Finished RTL Optimization Phase 2 : Time (s): cpu = 00:00:08 ; elapsed = 00:00:09 . Memory (MB): peak = 2414.281 ; gain = 665.250 ; free physical = 2000 ; free virtual = 28136
---------------------------------------------------------------------------------
---------------------------------------------------------------------------------
Start RTL Component Statistics 
---------------------------------------------------------------------------------
Detailed RTL Component Info : 
+---Adders : 
	   2 Input   12 Bit       Adders := 2     
+---Registers : 
	               12 Bit    Registers := 2     
+---Muxes : 
	   2 Input   12 Bit        Muxes := 2     
	   4 Input   12 Bit        Muxes := 2     
	   2 Input    4 Bit        Muxes := 3     
	   4 Input    2 Bit        Muxes := 2     
	   2 Input    1 Bit        Muxes := 4     
	   4 Input    1 Bit        Muxes := 3     
---------------------------------------------------------------------------------
Finished RTL Component Statistics 
---------------------------------------------------------------------------------
---------------------------------------------------------------------------------
Start Part Resource Summary
---------------------------------------------------------------------------------
Part Resources:
DSPs: 220 (col length:60)
BRAMs: 280 (col length: RAMB18 60 RAMB36 30)
---------------------------------------------------------------------------------
Finished Part Resource Summary
---------------------------------------------------------------------------------
---------------------------------------------------------------------------------
Start Cross Boundary and Area Optimization
---------------------------------------------------------------------------------
WARNING: [Synth 8-7080] Parallel synthesis criteria is not met
---------------------------------------------------------------------------------
Finished Cross Boundary and Area Optimization : Time (s): cpu = 00:00:10 ; elapsed = 00:00:10 . Memory (MB): peak = 2414.281 ; gain = 665.250 ; free physical = 2002 ; free virtual = 28142
---------------------------------------------------------------------------------
---------------------------------------------------------------------------------
Start Applying XDC Timing Constraints
---------------------------------------------------------------------------------
---------------------------------------------------------------------------------
Finished Applying XDC Timing Constraints : Time (s): cpu = 00:00:13 ; elapsed = 00:00:14 . Memory (MB): peak = 2414.281 ; gain = 665.250 ; free physical = 2022 ; free virtual = 28161
---------------------------------------------------------------------------------
---------------------------------------------------------------------------------
Start Timing Optimization
---------------------------------------------------------------------------------
---------------------------------------------------------------------------------
Finished Timing Optimization : Time (s): cpu = 00:00:14 ; elapsed = 00:00:14 . Memory (MB): peak = 2414.281 ; gain = 665.250 ; free physical = 2022 ; free virtual = 28161
---------------------------------------------------------------------------------
---------------------------------------------------------------------------------
Start Technology Mapping
---------------------------------------------------------------------------------
---------------------------------------------------------------------------------
Finished Technology Mapping : Time (s): cpu = 00:00:14 ; elapsed = 00:00:14 . Memory (MB): peak = 2414.281 ; gain = 665.250 ; free physical = 2022 ; free virtual = 28161
---------------------------------------------------------------------------------
---------------------------------------------------------------------------------
Start IO Insertion
---------------------------------------------------------------------------------
---------------------------------------------------------------------------------
Start Flattening Before IO Insertion
---------------------------------------------------------------------------------
---------------------------------------------------------------------------------
Finished Flattening Before IO Insertion
---------------------------------------------------------------------------------
---------------------------------------------------------------------------------
Start Final Netlist Cleanup
---------------------------------------------------------------------------------
---------------------------------------------------------------------------------
Finished Final Netlist Cleanup
---------------------------------------------------------------------------------
---------------------------------------------------------------------------------
Finished IO Insertion : Time (s): cpu = 00:00:16 ; elapsed = 00:00:17 . Memory (MB): peak = 2414.281 ; gain = 665.250 ; free physical = 2027 ; free virtual = 28166
---------------------------------------------------------------------------------
---------------------------------------------------------------------------------
Start Renaming Generated Instances
---------------------------------------------------------------------------------
---------------------------------------------------------------------------------
Finished Renaming Generated Instances : Time (s): cpu = 00:00:16 ; elapsed = 00:00:17 . Memory (MB): peak = 2414.281 ; gain = 665.250 ; free physical = 2027 ; free virtual = 28166
---------------------------------------------------------------------------------
---------------------------------------------------------------------------------
Start Rebuilding User Hierarchy
---------------------------------------------------------------------------------
---------------------------------------------------------------------------------
Finished Rebuilding User Hierarchy : Time (s): cpu = 00:00:16 ; elapsed = 00:00:17 . Memory (MB): peak = 2414.281 ; gain = 665.250 ; free physical = 2027 ; free virtual = 28166
---------------------------------------------------------------------------------
---------------------------------------------------------------------------------
Start Renaming Generated Ports
---------------------------------------------------------------------------------
---------------------------------------------------------------------------------
Finished Renaming Generated Ports : Time (s): cpu = 00:00:16 ; elapsed = 00:00:17 . Memory (MB): peak = 2414.281 ; gain = 665.250 ; free physical = 2027 ; free virtual = 28166
---------------------------------------------------------------------------------
---------------------------------------------------------------------------------
Start Handling Custom Attributes
---------------------------------------------------------------------------------
---------------------------------------------------------------------------------
Finished Handling Custom Attributes : Time (s): cpu = 00:00:16 ; elapsed = 00:00:17 . Memory (MB): peak = 2414.281 ; gain = 665.250 ; free physical = 2027 ; free virtual = 28166
---------------------------------------------------------------------------------
---------------------------------------------------------------------------------
Start Renaming Generated Nets
---------------------------------------------------------------------------------
---------------------------------------------------------------------------------
Finished Renaming Generated Nets : Time (s): cpu = 00:00:16 ; elapsed = 00:00:17 . Memory (MB): peak = 2414.281 ; gain = 665.250 ; free physical = 2027 ; free virtual = 28166
---------------------------------------------------------------------------------
---------------------------------------------------------------------------------
Start Writing Synthesis Report
---------------------------------------------------------------------------------

Report BlackBoxes: 
+------+--------------+----------+
|      |BlackBox name |Instances |
+------+--------------+----------+
|1     |clk_wiz_0     |         1|
|2     |blk_mem_gen_0 |         1|
+------+--------------+----------+

Report Cell Usage: 
+------+-------------------+------+
|      |Cell               |Count |
+------+-------------------+------+
|1     |blk_mem_gen_0_bbox |     1|
|2     |clk_wiz_0_bbox     |     1|
|3     |CARRY4             |     9|
|4     |LUT1               |     1|
|5     |LUT2               |    19|
|6     |LUT3               |    18|
|7     |LUT4               |     4|
|8     |LUT5               |    18|
|9     |LUT6               |    30|
|10    |FDCE               |    28|
|11    |IBUF               |     1|
|12    |OBUF               |    14|
+------+-------------------+------+
---------------------------------------------------------------------------------
Finished Writing Synthesis Report : Time (s): cpu = 00:00:16 ; elapsed = 00:00:17 . Memory (MB): peak = 2414.281 ; gain = 665.250 ; free physical = 2027 ; free virtual = 28166
---------------------------------------------------------------------------------
Synthesis finished with 0 errors, 0 critical warnings and 1 warnings.
Synthesis Optimization Runtime : Time (s): cpu = 00:00:15 ; elapsed = 00:00:15 . Memory (MB): peak = 2414.281 ; gain = 529.500 ; free physical = 2027 ; free virtual = 28166
Synthesis Optimization Complete : Time (s): cpu = 00:00:16 ; elapsed = 00:00:17 . Memory (MB): peak = 2414.289 ; gain = 665.250 ; free physical = 2027 ; free virtual = 28166
INFO: [Project 1-571] Translating synthesized netlist
Netlist sorting complete. Time (s): cpu = 00:00:00 ; elapsed = 00:00:00 . Memory (MB): peak = 2414.289 ; gain = 0.000 ; free physical = 2029 ; free virtual = 28168
INFO: [Netlist 29-17] Analyzing 9 Unisim elements for replacement
INFO: [Netlist 29-28] Unisim Transformation completed in 0 CPU seconds
INFO: [Project 1-570] Preparing netlist for logic optimization
INFO: [Opt 31-138] Pushed 0 inverter(s) to 0 load pin(s).
Netlist sorting complete. Time (s): cpu = 00:00:00 ; elapsed = 00:00:00 . Memory (MB): peak = 2470.309 ; gain = 0.000 ; free physical = 2362 ; free virtual = 28501
INFO: [Project 1-111] Unisim Transformation Summary:
No Unisim elements were transformed.

Synth Design complete | Checksum: f3d0021b
INFO: [Common 17-83] Releasing license: Synthesis
35 Infos, 2 Warnings, 0 Critical Warnings and 0 Errors encountered.
synth_design completed successfully
synth_design: Time (s): cpu = 00:00:23 ; elapsed = 00:00:20 . Memory (MB): peak = 2470.309 ; gain = 1077.746 ; free physical = 2362 ; free virtual = 28501
INFO: [Common 17-2834] synth_design peak Physical Memory [PSS] (MB): overall = 2044.743; main = 1652.659; forked = 442.079
INFO: [Common 17-2834] synth_design peak Virtual Memory [VSS] (MB): overall = 3504.695; main = 2470.312; forked = 1090.410
Write ShapeDB Complete: Time (s): cpu = 00:00:00 ; elapsed = 00:00:00 . Memory (MB): peak = 2494.320 ; gain = 0.000 ; free physical = 2362 ; free virtual = 28501
INFO: [Common 17-1381] The checkpoint '/home/filip/src/dsd-project-ba5/lab06_memory/vivado_project/vivado_project.runs/synth_1/vga_controller_top.dcp' has been generated.
INFO: [Vivado 12-24828] Executing command : report_utilization -file vga_controller_top_utilization_synth.rpt -pb vga_controller_top_utilization_synth.pb
INFO: [Common 17-206] Exiting Vivado at Wed Dec  4 11:27:11 2024...
