
*** Running vivado
    with args -log mandelbrot_top.vds -m64 -product Vivado -mode batch -messageDb vivado.pb -notrace -source mandelbrot_top.tcl


****** Vivado v2024.1 (64-bit)
  **** SW Build 5076996 on Wed May 22 18:36:09 MDT 2024
  **** IP Build 5075265 on Wed May 22 21:45:21 MDT 2024
  **** SharedData Build 5076995 on Wed May 22 18:29:18 MDT 2024
  **** Start of session at: Fri Dec 13 15:39:26 2024
    ** Copyright 1986-2022 Xilinx, Inc. All Rights Reserved.
    ** Copyright 2022-2024 Advanced Micro Devices, Inc. All Rights Reserved.

source mandelbrot_top.tcl -notrace
Command: read_checkpoint -auto_incremental -incremental /home/filip/src/dsd-project-ba5/lab08_mandelbrot/vivado_project/vivado_project.srcs/utils_1/imports/synth_1/mandelbrot_top.dcp
INFO: [Vivado 12-5825] Read reference checkpoint from /home/filip/src/dsd-project-ba5/lab08_mandelbrot/vivado_project/vivado_project.srcs/utils_1/imports/synth_1/mandelbrot_top.dcp for incremental synthesis
INFO: [Vivado 12-7989] Please ensure there are no constraint changes
Command: synth_design -top mandelbrot_top -part xc7z020clg400-1
Starting synth_design
Attempting to get a license for feature 'Synthesis' and/or device 'xc7z020'
INFO: [Common 17-349] Got license for feature 'Synthesis' and/or device 'xc7z020'
INFO: [Device 21-403] Loading part xc7z020clg400-1
INFO: [Device 21-9227] Part: xc7z020clg400-1 does not have CEAM library.
INFO: [Designutils 20-5440] No compile time benefit to using incremental synthesis; A full resynthesis will be run
INFO: [Designutils 20-4379] Flow is switching to default flow due to incremental criteria not met. If you would like to alter this behaviour and have the flow terminate instead, please set the following parameter config_implementation {autoIncr.Synth.RejectBehavior Terminate}
INFO: [Synth 8-7079] Multithreading enabled for synth_design using a maximum of 4 processes.
INFO: [Synth 8-7078] Launching helper process for spawning children vivado processes
INFO: [Synth 8-7075] Helper process launched with PID 19827
---------------------------------------------------------------------------------
Starting RTL Elaboration : Time (s): cpu = 00:00:03 ; elapsed = 00:00:03 . Memory (MB): peak = 2163.043 ; gain = 413.715 ; free physical = 450 ; free virtual = 26034
---------------------------------------------------------------------------------
INFO: [Synth 8-638] synthesizing module 'mandelbrot_top' [/home/filip/src/dsd-project-ba5/lab08_mandelbrot/src/mandelbrot_top.vhdl:49]
INFO: [Synth 8-3491] module 'clk_wiz_0' declared at '/home/filip/src/dsd-project-ba5/lab08_mandelbrot/vivado_project/vivado_project.runs/synth_1/.Xil/Vivado-19766-thinkpad-e14/realtime/clk_wiz_0_stub.vhdl:6' bound to instance 'i_clk_wiz_0' of component 'clk_wiz_0' [/home/filip/src/dsd-project-ba5/lab08_mandelbrot/src/mandelbrot_top.vhdl:211]
INFO: [Synth 8-638] synthesizing module 'clk_wiz_0' [/home/filip/src/dsd-project-ba5/lab08_mandelbrot/vivado_project/vivado_project.runs/synth_1/.Xil/Vivado-19766-thinkpad-e14/realtime/clk_wiz_0_stub.vhdl:16]
INFO: [Synth 8-3491] module 'blk_mem_gen_0' declared at '/home/filip/src/dsd-project-ba5/lab08_mandelbrot/vivado_project/vivado_project.runs/synth_1/.Xil/Vivado-19766-thinkpad-e14/realtime/blk_mem_gen_0_stub.vhdl:6' bound to instance 'i_blk_mem_gen_0' of component 'blk_mem_gen_0' [/home/filip/src/dsd-project-ba5/lab08_mandelbrot/src/mandelbrot_top.vhdl:220]
INFO: [Synth 8-638] synthesizing module 'blk_mem_gen_0' [/home/filip/src/dsd-project-ba5/lab08_mandelbrot/vivado_project/vivado_project.runs/synth_1/.Xil/Vivado-19766-thinkpad-e14/realtime/blk_mem_gen_0_stub.vhdl:21]
INFO: [Synth 8-3491] module 'vga_controller' declared at '/home/filip/src/dsd-project-ba5/lab08_mandelbrot/src/vga_controller.vhdl:24' bound to instance 'i_vga_controller' of component 'vga_controller' [/home/filip/src/dsd-project-ba5/lab08_mandelbrot/src/mandelbrot_top.vhdl:235]
INFO: [Synth 8-638] synthesizing module 'vga_controller' [/home/filip/src/dsd-project-ba5/lab08_mandelbrot/src/vga_controller.vhdl:55]
INFO: [Synth 8-256] done synthesizing module 'vga_controller' (0#1) [/home/filip/src/dsd-project-ba5/lab08_mandelbrot/src/vga_controller.vhdl:55]
INFO: [Synth 8-3491] module 'pong_fsm' declared at '/home/filip/src/dsd-project-ba5/lab08_mandelbrot/src/pong_fsm.vhdl:23' bound to instance 'i_pong_fsm' of component 'pong_fsm' [/home/filip/src/dsd-project-ba5/lab08_mandelbrot/src/mandelbrot_top.vhdl:258]
INFO: [Synth 8-638] synthesizing module 'pong_fsm' [/home/filip/src/dsd-project-ba5/lab08_mandelbrot/src/pong_fsm.vhdl:46]
INFO: [Synth 8-256] done synthesizing module 'pong_fsm' (0#1) [/home/filip/src/dsd-project-ba5/lab08_mandelbrot/src/pong_fsm.vhdl:46]
INFO: [Synth 8-3491] module 'mandelbrot' declared at '/home/filip/src/dsd-project-ba5/lab08_mandelbrot/src/mandelbrot.vhdl:24' bound to instance 'i_mandelbrot' of component 'mandelbrot' [/home/filip/src/dsd-project-ba5/lab08_mandelbrot/src/mandelbrot_top.vhdl:277]
INFO: [Synth 8-638] synthesizing module 'mandelbrot' [/home/filip/src/dsd-project-ba5/lab08_mandelbrot/src/mandelbrot.vhdl:39]
INFO: [Synth 8-256] done synthesizing module 'mandelbrot' (0#1) [/home/filip/src/dsd-project-ba5/lab08_mandelbrot/src/mandelbrot.vhdl:39]
INFO: [Synth 8-3491] module 'compositor' declared at '/home/filip/src/dsd-project-ba5/lab08_mandelbrot/src/compositor.vhdl:16' bound to instance 'i_compositor' of component 'compositor' [/home/filip/src/dsd-project-ba5/lab08_mandelbrot/src/mandelbrot_top.vhdl:289]
INFO: [Synth 8-638] synthesizing module 'compositor' [/home/filip/src/dsd-project-ba5/lab08_mandelbrot/src/compositor.vhdl:45]
INFO: [Synth 8-3491] module 'blk_mem_gen_1' declared at '/home/filip/src/dsd-project-ba5/lab08_mandelbrot/vivado_project/vivado_project.runs/synth_1/.Xil/Vivado-19766-thinkpad-e14/realtime/blk_mem_gen_1_stub.vhdl:6' bound to instance 'i_blk_mem_gen_1' of component 'blk_mem_gen_1' [/home/filip/src/dsd-project-ba5/lab08_mandelbrot/src/compositor.vhdl:91]
INFO: [Synth 8-638] synthesizing module 'blk_mem_gen_1' [/home/filip/src/dsd-project-ba5/lab08_mandelbrot/vivado_project/vivado_project.runs/synth_1/.Xil/Vivado-19766-thinkpad-e14/realtime/blk_mem_gen_1_stub.vhdl:18]
INFO: [Synth 8-256] done synthesizing module 'compositor' (0#1) [/home/filip/src/dsd-project-ba5/lab08_mandelbrot/src/compositor.vhdl:45]
INFO: [Synth 8-256] done synthesizing module 'mandelbrot_top' (0#1) [/home/filip/src/dsd-project-ba5/lab08_mandelbrot/src/mandelbrot_top.vhdl:49]
WARNING: [Synth 8-6014] Unused sequential element XxDPrv_reg was removed.  [/home/filip/src/dsd-project-ba5/lab08_mandelbrot/src/mandelbrot.vhdl:108]
WARNING: [Synth 8-6014] Unused sequential element YxDPrv_reg was removed.  [/home/filip/src/dsd-project-ba5/lab08_mandelbrot/src/mandelbrot.vhdl:111]
WARNING: [Synth 8-6014] Unused sequential element CRExDPrev_reg was removed.  [/home/filip/src/dsd-project-ba5/lab08_mandelbrot/src/mandelbrot.vhdl:114]
WARNING: [Synth 8-6014] Unused sequential element CIMxDPrev_reg was removed.  [/home/filip/src/dsd-project-ba5/lab08_mandelbrot/src/mandelbrot.vhdl:117]
WARNING: [Synth 8-6014] Unused sequential element ZRExDPrev_reg was removed.  [/home/filip/src/dsd-project-ba5/lab08_mandelbrot/src/mandelbrot.vhdl:209]
WARNING: [Synth 8-6014] Unused sequential element ZIMxDPrev_reg was removed.  [/home/filip/src/dsd-project-ba5/lab08_mandelbrot/src/mandelbrot.vhdl:212]
WARNING: [Synth 8-6014] Unused sequential element ITERxDPrev_reg was removed.  [/home/filip/src/dsd-project-ba5/lab08_mandelbrot/src/mandelbrot.vhdl:217]
WARNING: [Synth 8-7129] Port VgaXxDI[11] in module pong_fsm is either unconnected or has no load
WARNING: [Synth 8-7129] Port VgaXxDI[10] in module pong_fsm is either unconnected or has no load
WARNING: [Synth 8-7129] Port VgaXxDI[9] in module pong_fsm is either unconnected or has no load
WARNING: [Synth 8-7129] Port VgaXxDI[8] in module pong_fsm is either unconnected or has no load
WARNING: [Synth 8-7129] Port VgaXxDI[7] in module pong_fsm is either unconnected or has no load
WARNING: [Synth 8-7129] Port VgaXxDI[6] in module pong_fsm is either unconnected or has no load
WARNING: [Synth 8-7129] Port VgaXxDI[5] in module pong_fsm is either unconnected or has no load
WARNING: [Synth 8-7129] Port VgaXxDI[4] in module pong_fsm is either unconnected or has no load
WARNING: [Synth 8-7129] Port VgaXxDI[3] in module pong_fsm is either unconnected or has no load
WARNING: [Synth 8-7129] Port VgaXxDI[2] in module pong_fsm is either unconnected or has no load
WARNING: [Synth 8-7129] Port VgaXxDI[1] in module pong_fsm is either unconnected or has no load
WARNING: [Synth 8-7129] Port VgaXxDI[0] in module pong_fsm is either unconnected or has no load
WARNING: [Synth 8-7129] Port VgaYxDI[11] in module pong_fsm is either unconnected or has no load
WARNING: [Synth 8-7129] Port VgaYxDI[10] in module pong_fsm is either unconnected or has no load
WARNING: [Synth 8-7129] Port VgaYxDI[9] in module pong_fsm is either unconnected or has no load
WARNING: [Synth 8-7129] Port VgaYxDI[8] in module pong_fsm is either unconnected or has no load
WARNING: [Synth 8-7129] Port VgaYxDI[7] in module pong_fsm is either unconnected or has no load
WARNING: [Synth 8-7129] Port VgaYxDI[6] in module pong_fsm is either unconnected or has no load
WARNING: [Synth 8-7129] Port VgaYxDI[5] in module pong_fsm is either unconnected or has no load
WARNING: [Synth 8-7129] Port VgaYxDI[4] in module pong_fsm is either unconnected or has no load
WARNING: [Synth 8-7129] Port VgaYxDI[3] in module pong_fsm is either unconnected or has no load
WARNING: [Synth 8-7129] Port VgaYxDI[2] in module pong_fsm is either unconnected or has no load
WARNING: [Synth 8-7129] Port VgaYxDI[1] in module pong_fsm is either unconnected or has no load
WARNING: [Synth 8-7129] Port VgaYxDI[0] in module pong_fsm is either unconnected or has no load
---------------------------------------------------------------------------------
Finished RTL Elaboration : Time (s): cpu = 00:00:04 ; elapsed = 00:00:04 . Memory (MB): peak = 2257.012 ; gain = 507.684 ; free physical = 364 ; free virtual = 25949
---------------------------------------------------------------------------------
---------------------------------------------------------------------------------
Start Handling Custom Attributes
---------------------------------------------------------------------------------
---------------------------------------------------------------------------------
Finished Handling Custom Attributes : Time (s): cpu = 00:00:04 ; elapsed = 00:00:04 . Memory (MB): peak = 2271.855 ; gain = 522.527 ; free physical = 356 ; free virtual = 25941
---------------------------------------------------------------------------------
---------------------------------------------------------------------------------
Finished RTL Optimization Phase 1 : Time (s): cpu = 00:00:04 ; elapsed = 00:00:04 . Memory (MB): peak = 2271.855 ; gain = 522.527 ; free physical = 356 ; free virtual = 25941
---------------------------------------------------------------------------------
Netlist sorting complete. Time (s): cpu = 00:00:00 ; elapsed = 00:00:00.01 . Memory (MB): peak = 2271.855 ; gain = 0.000 ; free physical = 352 ; free virtual = 25937
INFO: [Project 1-570] Preparing netlist for logic optimization

Processing XDC Constraints
Initializing timing engine
Parsing XDC File [/home/filip/src/dsd-project-ba5/lab08_mandelbrot/vivado_project/vivado_project.gen/sources_1/ip/clk_wiz_0/clk_wiz_0/clk_wiz_0_in_context.xdc] for cell 'i_clk_wiz_0'
Finished Parsing XDC File [/home/filip/src/dsd-project-ba5/lab08_mandelbrot/vivado_project/vivado_project.gen/sources_1/ip/clk_wiz_0/clk_wiz_0/clk_wiz_0_in_context.xdc] for cell 'i_clk_wiz_0'
Parsing XDC File [/home/filip/src/dsd-project-ba5/lab08_mandelbrot/vivado_project/vivado_project.gen/sources_1/ip/blk_mem_gen_0/blk_mem_gen_0/blk_mem_gen_0_in_context.xdc] for cell 'i_blk_mem_gen_0'
Finished Parsing XDC File [/home/filip/src/dsd-project-ba5/lab08_mandelbrot/vivado_project/vivado_project.gen/sources_1/ip/blk_mem_gen_0/blk_mem_gen_0/blk_mem_gen_0_in_context.xdc] for cell 'i_blk_mem_gen_0'
Parsing XDC File [/home/filip/src/dsd-project-ba5/lab08_mandelbrot/vivado_project/vivado_project.gen/sources_1/ip/blk_mem_gen_1/blk_mem_gen_1/blk_mem_gen_1_in_context.xdc] for cell 'i_compositor/i_blk_mem_gen_1'
Finished Parsing XDC File [/home/filip/src/dsd-project-ba5/lab08_mandelbrot/vivado_project/vivado_project.gen/sources_1/ip/blk_mem_gen_1/blk_mem_gen_1/blk_mem_gen_1_in_context.xdc] for cell 'i_compositor/i_blk_mem_gen_1'
Parsing XDC File [/home/filip/src/dsd-project-ba5/lab08_mandelbrot/constr/PYNQ-Z2_v1.0.xdc]
Finished Parsing XDC File [/home/filip/src/dsd-project-ba5/lab08_mandelbrot/constr/PYNQ-Z2_v1.0.xdc]
INFO: [Project 1-236] Implementation specific constraints were found while reading constraint file [/home/filip/src/dsd-project-ba5/lab08_mandelbrot/constr/PYNQ-Z2_v1.0.xdc]. These constraints will be ignored for synthesis but will be used in implementation. Impacted constraints are listed in the file [.Xil/mandelbrot_top_propImpl.xdc].
Resolution: To avoid this warning, move constraints listed in [.Xil/mandelbrot_top_propImpl.xdc] to another XDC file and exclude this new file from synthesis with the used_in_synthesis property (File Properties dialog in GUI) and re-run elaboration/synthesis.
Completed Processing XDC Constraints

Netlist sorting complete. Time (s): cpu = 00:00:00 ; elapsed = 00:00:00 . Memory (MB): peak = 2415.605 ; gain = 0.000 ; free physical = 300 ; free virtual = 25885
INFO: [Project 1-111] Unisim Transformation Summary:
No Unisim elements were transformed.

Constraint Validation Runtime : Time (s): cpu = 00:00:00 ; elapsed = 00:00:00 . Memory (MB): peak = 2415.605 ; gain = 0.000 ; free physical = 300 ; free virtual = 25885
WARNING: [Timing 38-316] Clock period '20.000' specified during out-of-context synthesis of instance 'i_blk_mem_gen_0' at clock pin 'clka' is different from the actual clock period '13.333', this can lead to different synthesis results.
WARNING: [Timing 38-316] Clock period '20.000' specified during out-of-context synthesis of instance 'i_compositor/i_blk_mem_gen_1' at clock pin 'clka' is different from the actual clock period '8.000', this can lead to different synthesis results.
INFO: [Designutils 20-5440] No compile time benefit to using incremental synthesis; A full resynthesis will be run
INFO: [Designutils 20-4379] Flow is switching to default flow due to incremental criteria not met. If you would like to alter this behaviour and have the flow terminate instead, please set the following parameter config_implementation {autoIncr.Synth.RejectBehavior Terminate}
---------------------------------------------------------------------------------
Finished Constraint Validation : Time (s): cpu = 00:00:08 ; elapsed = 00:00:08 . Memory (MB): peak = 2415.605 ; gain = 666.277 ; free physical = 299 ; free virtual = 25884
---------------------------------------------------------------------------------
---------------------------------------------------------------------------------
Start Loading Part and Timing Information
---------------------------------------------------------------------------------
Loading part: xc7z020clg400-1
---------------------------------------------------------------------------------
Finished Loading Part and Timing Information : Time (s): cpu = 00:00:08 ; elapsed = 00:00:08 . Memory (MB): peak = 2423.609 ; gain = 674.281 ; free physical = 299 ; free virtual = 25884
---------------------------------------------------------------------------------
---------------------------------------------------------------------------------
Start Applying 'set_property' XDC Constraints
---------------------------------------------------------------------------------
Applied set_property IO_BUFFER_TYPE = NONE for CLK125xCI. (constraint file  /home/filip/src/dsd-project-ba5/lab08_mandelbrot/vivado_project/vivado_project.gen/sources_1/ip/clk_wiz_0/clk_wiz_0/clk_wiz_0_in_context.xdc, line 3).
Applied set_property CLOCK_BUFFER_TYPE = NONE for CLK125xCI. (constraint file  /home/filip/src/dsd-project-ba5/lab08_mandelbrot/vivado_project/vivado_project.gen/sources_1/ip/clk_wiz_0/clk_wiz_0/clk_wiz_0_in_context.xdc, line 4).
Applied set_property KEEP_HIERARCHY = SOFT for i_clk_wiz_0. (constraint file  auto generated constraint).
Applied set_property KEEP_HIERARCHY = SOFT for i_blk_mem_gen_0. (constraint file  auto generated constraint).
Applied set_property KEEP_HIERARCHY = SOFT for i_compositor/i_blk_mem_gen_1. (constraint file  auto generated constraint).
---------------------------------------------------------------------------------
Finished applying 'set_property' XDC Constraints : Time (s): cpu = 00:00:08 ; elapsed = 00:00:08 . Memory (MB): peak = 2423.609 ; gain = 674.281 ; free physical = 299 ; free virtual = 25884
---------------------------------------------------------------------------------
INFO: [Synth 8-802] inferred FSM for state register 'HStatexDP_reg' in module 'vga_controller'
INFO: [Synth 8-802] inferred FSM for state register 'VStatexDP_reg' in module 'vga_controller'
---------------------------------------------------------------------------------------------------
                   State |                     New Encoding |                Previous Encoding 
---------------------------------------------------------------------------------------------------
                   pulse |                               00 |                               11
               backporch |                               01 |                               00
                 display |                               10 |                               01
              frontporch |                               11 |                               10
---------------------------------------------------------------------------------------------------
INFO: [Synth 8-3354] encoded FSM with state register 'HStatexDP_reg' using encoding 'sequential' in module 'vga_controller'
---------------------------------------------------------------------------------------------------
                   State |                     New Encoding |                Previous Encoding 
---------------------------------------------------------------------------------------------------
                   pulse |                               01 |                               11
               backporch |                               00 |                               00
                 display |                               11 |                               01
              frontporch |                               10 |                               10
---------------------------------------------------------------------------------------------------
INFO: [Synth 8-3354] encoded FSM with state register 'VStatexDP_reg' using encoding 'sequential' in module 'vga_controller'
---------------------------------------------------------------------------------
Finished RTL Optimization Phase 2 : Time (s): cpu = 00:00:09 ; elapsed = 00:00:09 . Memory (MB): peak = 2423.609 ; gain = 674.281 ; free physical = 299 ; free virtual = 25885
---------------------------------------------------------------------------------
---------------------------------------------------------------------------------
Start RTL Component Statistics 
---------------------------------------------------------------------------------
Detailed RTL Component Info : 
+---Adders : 
	   2 Input   38 Bit       Adders := 2     
	   2 Input   19 Bit       Adders := 2     
	   3 Input   13 Bit       Adders := 2     
	   2 Input   12 Bit       Adders := 17    
	   3 Input   12 Bit       Adders := 3     
	   2 Input   10 Bit       Adders := 2     
	   2 Input    7 Bit       Adders := 1     
+---Registers : 
	               23 Bit    Registers := 1     
	               19 Bit    Registers := 7     
	               12 Bit    Registers := 7     
	               10 Bit    Registers := 2     
	                1 Bit    Registers := 2     
+---Muxes : 
	   2 Input   23 Bit        Muxes := 1     
	   2 Input   19 Bit        Muxes := 16    
	   2 Input   14 Bit        Muxes := 2     
	   2 Input   12 Bit        Muxes := 15    
	   4 Input   12 Bit        Muxes := 2     
	   2 Input    7 Bit        Muxes := 1     
	   2 Input    4 Bit        Muxes := 12    
	   2 Input    3 Bit        Muxes := 2     
	   4 Input    2 Bit        Muxes := 2     
	   2 Input    1 Bit        Muxes := 11    
	   4 Input    1 Bit        Muxes := 3     
---------------------------------------------------------------------------------
Finished RTL Component Statistics 
---------------------------------------------------------------------------------
---------------------------------------------------------------------------------
Start Part Resource Summary
---------------------------------------------------------------------------------
Part Resources:
DSPs: 220 (col length:60)
BRAMs: 280 (col length: RAMB18 60 RAMB36 30)
---------------------------------------------------------------------------------
Finished Part Resource Summary
---------------------------------------------------------------------------------
---------------------------------------------------------------------------------
Start Cross Boundary and Area Optimization
---------------------------------------------------------------------------------
WARNING: [Synth 8-7080] Parallel synthesis criteria is not met
DSP Report: Generating DSP p_1_out, operation Mode is: (C or 0)+A*B.
DSP Report: operator SIGNED_IN0 is absorbed into DSP p_1_out.
DSP Report: operator SIGNED_IN0 is absorbed into DSP p_1_out.
DSP Report: Generating DSP p_1_out, operation Mode is: (C or 0)+A*B.
DSP Report: operator SIGNED_IN0 is absorbed into DSP p_1_out.
DSP Report: operator SIGNED_IN0 is absorbed into DSP p_1_out.
DSP Report: Generating DSP p_1_out, operation Mode is: (C or 0)+A*B.
DSP Report: operator SIGNED_IN1 is absorbed into DSP p_1_out.
DSP Report: operator SIGNED_IN1 is absorbed into DSP p_1_out.
DSP Report: Generating DSP p_1_out, operation Mode is: (C or 0)+A*B.
DSP Report: operator SIGNED_IN1 is absorbed into DSP p_1_out.
DSP Report: operator SIGNED_IN1 is absorbed into DSP p_1_out.
DSP Report: Generating DSP p_1_out, operation Mode is: (C or 0)+A*B.
DSP Report: operator SIGNED_IN0 is absorbed into DSP p_1_out.
DSP Report: operator SIGNED_IN0 is absorbed into DSP p_1_out.
WARNING: [Synth 8-7129] Port VgaXxDI[11] in module pong_fsm is either unconnected or has no load
WARNING: [Synth 8-7129] Port VgaXxDI[10] in module pong_fsm is either unconnected or has no load
WARNING: [Synth 8-7129] Port VgaXxDI[9] in module pong_fsm is either unconnected or has no load
WARNING: [Synth 8-7129] Port VgaXxDI[8] in module pong_fsm is either unconnected or has no load
WARNING: [Synth 8-7129] Port VgaXxDI[7] in module pong_fsm is either unconnected or has no load
WARNING: [Synth 8-7129] Port VgaXxDI[6] in module pong_fsm is either unconnected or has no load
WARNING: [Synth 8-7129] Port VgaXxDI[5] in module pong_fsm is either unconnected or has no load
WARNING: [Synth 8-7129] Port VgaXxDI[4] in module pong_fsm is either unconnected or has no load
WARNING: [Synth 8-7129] Port VgaXxDI[3] in module pong_fsm is either unconnected or has no load
WARNING: [Synth 8-7129] Port VgaXxDI[2] in module pong_fsm is either unconnected or has no load
WARNING: [Synth 8-7129] Port VgaXxDI[1] in module pong_fsm is either unconnected or has no load
WARNING: [Synth 8-7129] Port VgaXxDI[0] in module pong_fsm is either unconnected or has no load
WARNING: [Synth 8-7129] Port VgaYxDI[11] in module pong_fsm is either unconnected or has no load
WARNING: [Synth 8-7129] Port VgaYxDI[10] in module pong_fsm is either unconnected or has no load
WARNING: [Synth 8-7129] Port VgaYxDI[9] in module pong_fsm is either unconnected or has no load
WARNING: [Synth 8-7129] Port VgaYxDI[8] in module pong_fsm is either unconnected or has no load
WARNING: [Synth 8-7129] Port VgaYxDI[7] in module pong_fsm is either unconnected or has no load
WARNING: [Synth 8-7129] Port VgaYxDI[6] in module pong_fsm is either unconnected or has no load
WARNING: [Synth 8-7129] Port VgaYxDI[5] in module pong_fsm is either unconnected or has no load
WARNING: [Synth 8-7129] Port VgaYxDI[4] in module pong_fsm is either unconnected or has no load
WARNING: [Synth 8-7129] Port VgaYxDI[3] in module pong_fsm is either unconnected or has no load
WARNING: [Synth 8-7129] Port VgaYxDI[2] in module pong_fsm is either unconnected or has no load
WARNING: [Synth 8-7129] Port VgaYxDI[1] in module pong_fsm is either unconnected or has no load
WARNING: [Synth 8-7129] Port VgaYxDI[0] in module pong_fsm is either unconnected or has no load
---------------------------------------------------------------------------------
Finished Cross Boundary and Area Optimization : Time (s): cpu = 00:00:12 ; elapsed = 00:00:12 . Memory (MB): peak = 2423.609 ; gain = 674.281 ; free physical = 292 ; free virtual = 25888
---------------------------------------------------------------------------------
 Sort Area is  p_1_out_5 : 0 0 : 3084 3084 : Used 1 time 100
 Sort Area is  p_1_out_0 : 0 0 : 2754 2754 : Used 1 time 100
 Sort Area is  p_1_out_2 : 0 0 : 2754 2754 : Used 1 time 100
 Sort Area is  p_1_out_3 : 0 0 : 2754 2754 : Used 1 time 100
 Sort Area is  p_1_out_4 : 0 0 : 2754 2754 : Used 1 time 100
---------------------------------------------------------------------------------
Start ROM, RAM, DSP, Shift Register and Retiming Reporting
---------------------------------------------------------------------------------

DSP: Preliminary Mapping Report (see note below. The ' indicates corresponding REG is set)
+------------+--------------+--------+--------+--------+--------+--------+------+------+------+------+-------+------+------+
|Module Name | DSP Mapping  | A Size | B Size | C Size | D Size | P Size | AREG | BREG | CREG | DREG | ADREG | MREG | PREG | 
+------------+--------------+--------+--------+--------+--------+--------+------+------+------+------+-------+------+------+
|mandelbrot  | (C or 0)+A*B | 19     | 18     | 18     | -      | 37     | 0    | 0    | 0    | -    | -     | 0    | 0    | 
|mandelbrot  | (C or 0)+A*B | 19     | 18     | 18     | -      | 37     | 0    | 0    | 0    | -    | -     | 0    | 0    | 
|mandelbrot  | (C or 0)+A*B | 19     | 18     | 18     | -      | 37     | 0    | 0    | 0    | -    | -     | 0    | 0    | 
|mandelbrot  | (C or 0)+A*B | 19     | 18     | 18     | -      | 37     | 0    | 0    | 0    | -    | -     | 0    | 0    | 
|mandelbrot  | (C or 0)+A*B | 22     | 18     | 21     | -      | 40     | 0    | 0    | 0    | -    | -     | 0    | 0    | 
+------------+--------------+--------+--------+--------+--------+--------+------+------+------+------+-------+------+------+

Note: The table above is a preliminary report that shows the DSPs inferred at the current stage of the synthesis flow. Some DSP may be reimplemented as non DSP primitives later in the synthesis flow. Multiple instantiated DSPs are reported only once.
---------------------------------------------------------------------------------
Finished ROM, RAM, DSP, Shift Register and Retiming Reporting
---------------------------------------------------------------------------------
---------------------------------------------------------------------------------
Start Applying XDC Timing Constraints
---------------------------------------------------------------------------------
---------------------------------------------------------------------------------
Finished Applying XDC Timing Constraints : Time (s): cpu = 00:00:17 ; elapsed = 00:00:17 . Memory (MB): peak = 2423.609 ; gain = 674.281 ; free physical = 278 ; free virtual = 25875
---------------------------------------------------------------------------------
---------------------------------------------------------------------------------
Start Timing Optimization
---------------------------------------------------------------------------------
---------------------------------------------------------------------------------
Finished Timing Optimization : Time (s): cpu = 00:00:17 ; elapsed = 00:00:18 . Memory (MB): peak = 2423.609 ; gain = 674.281 ; free physical = 277 ; free virtual = 25873
---------------------------------------------------------------------------------
---------------------------------------------------------------------------------
Start Technology Mapping
---------------------------------------------------------------------------------
---------------------------------------------------------------------------------
Finished Technology Mapping : Time (s): cpu = 00:00:18 ; elapsed = 00:00:18 . Memory (MB): peak = 2423.609 ; gain = 674.281 ; free physical = 266 ; free virtual = 25863
---------------------------------------------------------------------------------
---------------------------------------------------------------------------------
Start IO Insertion
---------------------------------------------------------------------------------
---------------------------------------------------------------------------------
Start Flattening Before IO Insertion
---------------------------------------------------------------------------------
---------------------------------------------------------------------------------
Finished Flattening Before IO Insertion
---------------------------------------------------------------------------------
---------------------------------------------------------------------------------
Start Final Netlist Cleanup
---------------------------------------------------------------------------------
---------------------------------------------------------------------------------
Finished Final Netlist Cleanup
---------------------------------------------------------------------------------
---------------------------------------------------------------------------------
Finished IO Insertion : Time (s): cpu = 00:00:21 ; elapsed = 00:00:21 . Memory (MB): peak = 2423.609 ; gain = 674.281 ; free physical = 262 ; free virtual = 25859
---------------------------------------------------------------------------------
---------------------------------------------------------------------------------
Start Renaming Generated Instances
---------------------------------------------------------------------------------
---------------------------------------------------------------------------------
Finished Renaming Generated Instances : Time (s): cpu = 00:00:21 ; elapsed = 00:00:21 . Memory (MB): peak = 2423.609 ; gain = 674.281 ; free physical = 262 ; free virtual = 25859
---------------------------------------------------------------------------------
---------------------------------------------------------------------------------
Start Rebuilding User Hierarchy
---------------------------------------------------------------------------------
---------------------------------------------------------------------------------
Finished Rebuilding User Hierarchy : Time (s): cpu = 00:00:21 ; elapsed = 00:00:21 . Memory (MB): peak = 2423.609 ; gain = 674.281 ; free physical = 262 ; free virtual = 25859
---------------------------------------------------------------------------------
---------------------------------------------------------------------------------
Start Renaming Generated Ports
---------------------------------------------------------------------------------
---------------------------------------------------------------------------------
Finished Renaming Generated Ports : Time (s): cpu = 00:00:21 ; elapsed = 00:00:21 . Memory (MB): peak = 2423.609 ; gain = 674.281 ; free physical = 262 ; free virtual = 25859
---------------------------------------------------------------------------------
---------------------------------------------------------------------------------
Start Handling Custom Attributes
---------------------------------------------------------------------------------
---------------------------------------------------------------------------------
Finished Handling Custom Attributes : Time (s): cpu = 00:00:21 ; elapsed = 00:00:21 . Memory (MB): peak = 2423.609 ; gain = 674.281 ; free physical = 262 ; free virtual = 25859
---------------------------------------------------------------------------------
---------------------------------------------------------------------------------
Start Renaming Generated Nets
---------------------------------------------------------------------------------
---------------------------------------------------------------------------------
Finished Renaming Generated Nets : Time (s): cpu = 00:00:21 ; elapsed = 00:00:21 . Memory (MB): peak = 2423.609 ; gain = 674.281 ; free physical = 262 ; free virtual = 25859
---------------------------------------------------------------------------------
---------------------------------------------------------------------------------
Start Writing Synthesis Report
---------------------------------------------------------------------------------

DSP Final Report (the ' indicates corresponding REG is set)
+------------+-------------+--------+--------+--------+--------+--------+------+------+------+------+-------+------+------+
|Module Name | DSP Mapping | A Size | B Size | C Size | D Size | P Size | AREG | BREG | CREG | DREG | ADREG | MREG | PREG | 
+------------+-------------+--------+--------+--------+--------+--------+------+------+------+------+-------+------+------+
|mandelbrot  | A*B         | 30     | 18     | -      | -      | 37     | 0    | 0    | -    | -    | -     | 0    | 0    | 
|mandelbrot  | A*B         | 30     | 18     | -      | -      | 37     | 0    | 0    | -    | -    | -     | 0    | 0    | 
|mandelbrot  | Dynamic     | -      | -      | -      | -      | 37     | -    | -    | -    | -    | -     | 0    | 0    | 
|mandelbrot  | Dynamic     | -      | -      | -      | -      | 37     | -    | -    | -    | -    | -     | 0    | 0    | 
|mandelbrot  | Dynamic     | -      | -      | -      | -      | 40     | -    | -    | -    | -    | -     | 0    | 0    | 
+------------+-------------+--------+--------+--------+--------+--------+------+------+------+------+-------+------+------+


Report BlackBoxes: 
+------+--------------+----------+
|      |BlackBox name |Instances |
+------+--------------+----------+
|1     |clk_wiz_0     |         1|
|2     |blk_mem_gen_0 |         1|
|3     |blk_mem_gen_1 |         1|
+------+--------------+----------+

Report Cell Usage: 
+------+-------------------+------+
|      |Cell               |Count |
+------+-------------------+------+
|1     |blk_mem_gen_0_bbox |     1|
|2     |blk_mem_gen_1_bbox |     1|
|3     |clk_wiz_0_bbox     |     1|
|4     |CARRY4             |   142|
|5     |DSP48E1            |     5|
|6     |LUT1               |   100|
|7     |LUT2               |   206|
|8     |LUT3               |   124|
|9     |LUT4               |   137|
|10    |LUT5               |    56|
|11    |LUT6               |   180|
|12    |FDCE               |   175|
|13    |FDPE               |    24|
|14    |IBUF               |     3|
|15    |OBUF               |    14|
+------+-------------------+------+
---------------------------------------------------------------------------------
Finished Writing Synthesis Report : Time (s): cpu = 00:00:21 ; elapsed = 00:00:21 . Memory (MB): peak = 2423.609 ; gain = 674.281 ; free physical = 262 ; free virtual = 25859
---------------------------------------------------------------------------------
Synthesis finished with 0 errors, 0 critical warnings and 25 warnings.
Synthesis Optimization Runtime : Time (s): cpu = 00:00:20 ; elapsed = 00:00:20 . Memory (MB): peak = 2423.609 ; gain = 530.531 ; free physical = 262 ; free virtual = 25858
Synthesis Optimization Complete : Time (s): cpu = 00:00:21 ; elapsed = 00:00:21 . Memory (MB): peak = 2423.617 ; gain = 674.281 ; free physical = 262 ; free virtual = 25858
INFO: [Project 1-571] Translating synthesized netlist
Netlist sorting complete. Time (s): cpu = 00:00:00.01 ; elapsed = 00:00:00.01 . Memory (MB): peak = 2423.617 ; gain = 0.000 ; free physical = 605 ; free virtual = 26201
INFO: [Netlist 29-17] Analyzing 147 Unisim elements for replacement
INFO: [Netlist 29-28] Unisim Transformation completed in 0 CPU seconds
INFO: [Project 1-570] Preparing netlist for logic optimization
INFO: [Opt 31-140] Inserted 1 IBUFs to IO ports without IO buffers.
INFO: [Opt 31-138] Pushed 0 inverter(s) to 0 load pin(s).
Netlist sorting complete. Time (s): cpu = 00:00:00 ; elapsed = 00:00:00 . Memory (MB): peak = 2479.637 ; gain = 0.000 ; free physical = 599 ; free virtual = 26196
INFO: [Project 1-111] Unisim Transformation Summary:
No Unisim elements were transformed.

Synth Design complete | Checksum: a7787c86
INFO: [Common 17-83] Releasing license: Synthesis
47 Infos, 58 Warnings, 0 Critical Warnings and 0 Errors encountered.
synth_design completed successfully
synth_design: Time (s): cpu = 00:00:27 ; elapsed = 00:00:25 . Memory (MB): peak = 2479.637 ; gain = 1086.809 ; free physical = 599 ; free virtual = 26196
INFO: [Common 17-2834] synth_design peak Physical Memory [PSS] (MB): overall = 1963.307; main = 1573.987; forked = 412.442
INFO: [Common 17-2834] synth_design peak Virtual Memory [VSS] (MB): overall = 3514.023; main = 2479.641; forked = 1090.410
Write ShapeDB Complete: Time (s): cpu = 00:00:00.01 ; elapsed = 00:00:00 . Memory (MB): peak = 2503.648 ; gain = 0.000 ; free physical = 599 ; free virtual = 26196
INFO: [Common 17-1381] The checkpoint '/home/filip/src/dsd-project-ba5/lab08_mandelbrot/vivado_project/vivado_project.runs/synth_1/mandelbrot_top.dcp' has been generated.
INFO: [Vivado 12-24828] Executing command : report_utilization -file mandelbrot_top_utilization_synth.rpt -pb mandelbrot_top_utilization_synth.pb
INFO: [Common 17-206] Exiting Vivado at Fri Dec 13 15:39:58 2024...
